0 info it worked if it ends with ok
1 verbose cli [ '/usr/bin/nodejs',
1 verbose cli   '/usr/bin/npm',
1 verbose cli   'run',
1 verbose cli   '--prefix',
1 verbose cli   'src/Nexus/Resources/nexus/',
1 verbose cli   'build' ]
2 info using npm@1.4.21
3 info using node@v0.10.29
4 error Error: ENOENT, open '/var/www/shopware/package.json'
5 error If you need help, you may report this *entire* log,
5 error including the npm and node versions, at:
5 error     <http://github.com/npm/npm/issues>
6 error System Linux 4.10.0-32-generic
7 error command "/usr/bin/nodejs" "/usr/bin/npm" "run" "--prefix" "src/Nexus/Resources/nexus/" "build"
8 error cwd /var/www/shopware
9 error node -v v0.10.29
10 error npm -v 1.4.21
11 error path /var/www/shopware/package.json
12 error code ENOENT
13 error errno 34
14 verbose exit [ 34, true ]
