[2019-05-21 11:04:24] shopware.CRITICAL: start [] []
[2019-05-21 11:04:25] shopware.CRITICAL: start [] []
[2019-05-21 11:04:48] shopware.CRITICAL: start [] []
[2019-05-21 11:04:49] shopware.CRITICAL: start [] []
[2019-05-21 11:04:50] shopware.CRITICAL: start [] []
[2019-05-21 11:04:50] shopware.CRITICAL: start [] []
[2019-05-21 11:04:51] shopware.CRITICAL: start [] []
[2019-05-21 11:05:15] shopware.CRITICAL: start [] []
[2019-05-21 11:05:16] shopware.CRITICAL: start [] []
[2019-05-21 11:07:10] shopware.CRITICAL: start [] []
[2019-05-21 11:07:10] shopware.CRITICAL: start [] []
[2019-05-21 11:07:12] shopware.CRITICAL: start [] []
[2019-05-21 11:07:13] shopware.CRITICAL: start [] []
[2019-05-21 11:08:47] shopware.CRITICAL: start [] []
[2019-05-21 11:08:47] shopware.CRITICAL: start [] []
[2019-05-21 11:08:48] shopware.CRITICAL: start [] []
[2019-05-21 11:10:15] shopware.CRITICAL: start [] []
[2019-05-21 11:10:16] shopware.CRITICAL: start [] []
[2019-05-21 11:10:17] shopware.CRITICAL: start [] []
[2019-05-21 11:10:18] shopware.CRITICAL: start [] []
[2019-05-21 11:10:32] shopware.CRITICAL: start [] []
[2019-05-21 11:10:32] shopware.CRITICAL: start [] []
[2019-05-21 11:10:33] shopware.CRITICAL: start [] []
[2019-05-21 11:12:19] shopware.CRITICAL: start [] []
[2019-05-21 11:12:19] shopware.CRITICAL: start [] []
[2019-05-21 11:12:21] shopware.CRITICAL: start [] []
[2019-05-21 11:12:22] shopware.CRITICAL: start [] []
[2019-05-21 11:13:35] shopware.CRITICAL: start [] []
[2019-05-21 11:13:36] shopware.CRITICAL: start [] []
[2019-05-21 11:13:37] shopware.CRITICAL: start [] []
[2019-05-21 11:13:37] shopware.DEBUG: {"event":{},"config":[],"actionName":"shopware.global_business_event"} [] []
[2019-05-21 11:17:04] shopware.CRITICAL: start [] []
[2019-05-21 11:17:05] shopware.CRITICAL: start [] []
[2019-05-21 11:17:05] shopware.DEBUG: {"context":{"languageIdChain":["2fbb5fe2e29a4d70aa5854ce7ce3e20b"],"versionId":"0fa91ce3e96a4bc2be4bd9ce752c3425","currencyId":"b7d2554b0ce847cd82f3ac9bd1c0dfca","currencyFactor":1,"currencyPrecision":2,"scope":"user","ruleIds":[],"source":{},"considerInheritance":true,"taxState":"gross","extensions":[]},"recipientEntity":{"email":"test@example.com","title":null,"firstName":"Max","lastName":"Mustermann","zipCode":"48624","city":"Sch\u00f6ppingen","street":null,"status":"direct","hash":"19aa6894338843adbb77dd383e375b6a","salutationId":"e77e06d8dfe3465d8cb3bace978a3b5e","salutation":{"salutationKey":"mrs","displayName":"Mrs.","letterName":"Dear Mrs.","translations":null,"customers":null,"customerAddresses":null,"orderCustomers":null,"orderAddresses":null,"newsletterRecipients":null,"_uniqueIdentifier":"e77e06d8dfe3465d8cb3bace978a3b5e","versionId":null,"translated":{"displayName":"Mrs.","letterName":"Dear Mrs."},"createdAt":"2019-05-21T09:04:06+02:00","updatedAt":null,"extensions":{"internal_mapping_storage":{"_class":"Shopware\\Core\\Framework\\Struct\\ArrayEntity"}},"id":"e77e06d8dfe3465d8cb3bace978a3b5e"},"languageId":"2fbb5fe2e29a4d70aa5854ce7ce3e20b","language":{"parentId":null,"localeId":"4ea52aac3b0743a9b4a7dc1dbf492286","translationCodeId":"4ea52aac3b0743a9b4a7dc1dbf492286","translationCode":{"code":"en-GB","name":"English","territory":"United Kingdom","translations":null,"users":null,"languages":null,"customFields":null,"_uniqueIdentifier":"4ea52aac3b0743a9b4a7dc1dbf492286","versionId":null,"translated":{"name":"English","territory":"United Kingdom","customFields":[]},"createdAt":"2019-05-21T09:04:06+02:00","updatedAt":null,"extensions":{"internal_mapping_storage":{"_class":"Shopware\\Core\\Framework\\Struct\\ArrayEntity"}},"id":"4ea52aac3b0743a9b4a7dc1dbf492286"},"name":"English","locale":{"code":"en-GB","name":"English","territory":"United Kingdom","translations":null,"users":null,"languages":null,"customFields":null,"_uniqueIdentifier":"4ea52aac3b0743a9b4a7dc1dbf492286","versionId":null,"translated":{"name":"English","territory":"United Kingdom","customFields":[]},"createdAt":"2019-05-21T09:04:06+02:00","updatedAt":null,"extensions":{"internal_mapping_storage":{"_class":"Shopware\\Core\\Framework\\Struct\\ArrayEntity"}},"id":"4ea52aac3b0743a9b4a7dc1dbf492286"},"parent":null,"children":null,"salesChannels":null,"customers":null,"salesChannelDefaultAssignments":null,"customFields":null,"categoryTranslations":null,"countryStateTranslations":null,"countryTranslations":null,"currencyTranslations":null,"customerGroupTranslations":null,"localeTranslations":null,"mediaTranslations":null,"paymentMethodTranslations":null,"productManufacturerTranslations":null,"productTranslations":null,"shippingMethodTranslations":null,"unitTranslations":null,"propertyGroupTranslations":null,"propertyGroupOptionTranslations":null,"salesChannelTranslations":null,"salesChannelTypeTranslations":null,"salutationTranslations":null,"discountSurchargeTranslations":null,"salesChannelDomains":null,"pluginTranslations":null,"productStreamTranslations":null,"stateMachineTranslations":null,"stateMachineStateTranslations":null,"cmsPageTranslations":null,"cmsSlotTranslations":null,"mailTemplateTranslations":null,"mailHeaderFooterTranslations":null,"documentTypeTranslations":null,"deliveryTimeTranslations":null,"newsletterRecipients":null,"numberRangeTypeTranslations":null,"productSearchKeywords":null,"productKeywordDictionaries":null,"mailTemplateTypeTranslations":null,"promotionTranslations":null,"numberRangeTranslations":null,"_uniqueIdentifier":"2fbb5fe2e29a4d70aa5854ce7ce3e20b","versionId":null,"translated":[],"createdAt":"2019-05-21T09:04:06+02:00","updatedAt":null,"extensions":{"internal_mapping_storage":{"_class":"Shopware\\Core\\Framework\\Struct\\ArrayEntity"}},"id":"2fbb5fe2e29a4d70aa5854ce7ce3e20b"},"salesChannelId":"4b1ab693e5834c32b7c18fc788890588","salesChannel":{"typeId":"8a243080f92e4c719546314b577cf82b","languageId":"2fbb5fe2e29a4d70aa5854ce7ce3e20b","currencyId":"b7d2554b0ce847cd82f3ac9bd1c0dfca","paymentMethodId":"e4d56f81056844e2982ccba3bd1314f4","shippingMethodId":"ddd122f4794b4764bfca1ecf15e849c9","countryId":"fc1e5154b89b4869a6fc4c907f0f397a","navigationCategoryId":"290684906e2b451085ebee22dc54cab9","footerCategoryId":null,"serviceCategoryId":null,"name":"Storefront","shortName":null,"accessKey":"SWSCBDAYYJFZRZNHEVJRRJJVWQ","currencies":null,"languages":null,"configuration":null,"active":true,"taxCalculationType":"vertical","type":{"name":"Storefront","manufacturer":"shopware AG","description":"Sales channel with HTML storefront","descriptionLong":null,"coverUrl":null,"iconName":"default-building-shop","screenshotUrls":null,"salesChannels":null,"translations":null,"customFields":null,"_uniqueIdentifier":"8a243080f92e4c719546314b577cf82b","versionId":null,"translated":{"name":"Storefront","manufacturer":"shopware AG","description":"Sales channel with HTML storefront","descriptionLong":null,"customFields":[]},"createdAt":"2019-05-21T09:04:08+02:00","updatedAt":null,"extensions":{"internal_mapping_storage":{"_class":"Shopware\\Core\\Framework\\Struct\\ArrayEntity"}},"id":"8a243080f92e4c719546314b577cf82b"},"currency":{"isoCode":"EUR","factor":1,"symbol":"\u20ac","shortName":"EUR","name":"Euro","position":1,"decimalPrecision":2,"translations":null,"orders":null,"salesChannels":null,"salesChannelDefaultAssignments":null,"productPrices":null,"salesChannelDomains":null,"customFields":null,"shippingMethodPrices":null,"isDefault":true,"_uniqueIdentifier":"b7d2554b0ce847cd82f3ac9bd1c0dfca","versionId":null,"translated":{"shortName":"EUR","name":"Euro","customFields":[]},"createdAt":"2019-05-21T09:04:08+02:00","updatedAt":null,"extensions":{"internal_mapping_storage":{"_class":"Shopware\\Core\\Framework\\Struct\\ArrayEntity"}},"id":"b7d2554b0ce847cd82f3ac9bd1c0dfca"},"language":{"parentId":null,"localeId":"4ea52aac3b0743a9b4a7dc1dbf492286","translationCodeId":"4ea52aac3b0743a9b4a7dc1dbf492286","translationCode":{"code":"en-GB","name":"English","territory":"United Kingdom","translations":null,"users":null,"languages":null,"customFields":null,"_uniqueIdentifier":"4ea52aac3b0743a9b4a7dc1dbf492286","versionId":null,"translated":{"name":"English","territory":"United Kingdom","customFields":[]},"createdAt":"2019-05-21T09:04:06+02:00","updatedAt":null,"extensions":{"internal_mapping_storage":{"_class":"Shopware\\Core\\Framework\\Struct\\ArrayEntity"}},"id":"4ea52aac3b0743a9b4a7dc1dbf492286"},"name":"English","locale":{"code":"en-GB","name":"English","territory":"United Kingdom","translations":null,"users":null,"languages":null,"customFields":null,"_uniqueIdentifier":"4ea52aac3b0743a9b4a7dc1dbf492286","versionId":null,"translated":{"name":"English","territory":"United Kingdom","customFields":[]},"createdAt":"2019-05-21T09:04:06+02:00","updatedAt":null,"extensions":{"internal_mapping_storage":{"_class":"Shopware\\Core\\Framework\\Struct\\ArrayEntity"}},"id":"4ea52aac3b0743a9b4a7dc1dbf492286"},"parent":null,"children":null,"salesChannels":null,"customers":null,"salesChannelDefaultAssignments":null,"customFields":null,"categoryTranslations":null,"countryStateTranslations":null,"countryTranslations":null,"currencyTranslations":null,"customerGroupTranslations":null,"localeTranslations":null,"mediaTranslations":null,"paymentMethodTranslations":null,"productManufacturerTranslations":null,"productTranslations":null,"shippingMethodTranslations":null,"unitTranslations":null,"propertyGroupTranslations":null,"propertyGroupOptionTranslations":null,"salesChannelTranslations":null,"salesChannelTypeTranslations":null,"salutationTranslations":null,"discountSurchargeTranslations":null,"salesChannelDomains":null,"pluginTranslations":null,"productStreamTranslations":null,"stateMachineTranslations":null,"stateMachineStateTranslations":null,"cmsPageTranslations":null,"cmsSlotTranslations":null,"mailTemplateTranslations":null,"mailHeaderFooterTranslations":null,"documentTypeTranslations":null,"deliveryTimeTranslations":null,"newsletterRecipients":null,"numberRangeTypeTranslations":null,"productSearchKeywords":null,"productKeywordDictionaries":null,"mailTemplateTypeTranslations":null,"promotionTranslations":null,"numberRangeTranslations":null,"_uniqueIdentifier":"2fbb5fe2e29a4d70aa5854ce7ce3e20b","versionId":null,"translated":[],"createdAt":"2019-05-21T09:04:06+02:00","updatedAt":null,"extensions":{"internal_mapping_storage":{"_class":"Shopware\\Core\\Framework\\Struct\\ArrayEntity"}},"id":"2fbb5fe2e29a4d70aa5854ce7ce3e20b"},"paymentMethod":null,"shippingMethod":null,"country":null,"orders":null,"customers":null,"countries":null,"paymentMethods":null,"shippingMethods":null,"translations":null,"domains":null,"systemConfigs":null,"customFields":null,"navigationCategory":null,"footerCategory":null,"serviceCategory":null,"productVisibilities":null,"mailTemplates":null,"mailHeaderFooterId":null,"numberRangeSalesChannels":null,"mailHeaderFooter":null,"customerGroupId":"cfbd5018d38d41d8adca10d94fc8bdd6","customerGroup":{"name":"Standard customer group","displayGross":true,"translations":null,"customers":null,"customFields":null,"salesChannels":null,"_uniqueIdentifier":"cfbd5018d38d41d8adca10d94fc8bdd6","versionId":null,"translated":{"name":"Standard customer group","customFields":[]},"createdAt":"2019-05-21T09:04:08+02:00","updatedAt":null,"extensions":{"internal_mapping_storage":{"_class":"Shopware\\Core\\Framework\\Struct\\ArrayEntity"}},"id":"cfbd5018d38d41d8adca10d94fc8bdd6"},"newsletterRecipients":null,"promotionSalesChannels":null,"documentBaseConfigSalesChannels":null,"_uniqueIdentifier":"4b1ab693e5834c32b7c18fc788890588","versionId":null,"translated":{"name":"Storefront","customFields":[]},"createdAt":"2019-05-21T09:04:11+02:00","updatedAt":null,"extensions":{"internal_mapping_storage":{"_class":"Shopware\\Core\\Framework\\Struct\\ArrayEntity"}},"id":"4b1ab693e5834c32b7c18fc788890588","navigationCategoryVersionId":"0fa91ce3e96a4bc2be4bd9ce752c3425","footerCategoryVersionId":null,"serviceCategoryVersionId":null},"customFields":null,"confirmedAt":null,"createdAt":"2019-05-21T11:00:10+02:00","updatedAt":"2019-05-21T11:17:05+02:00","tags":null,"_uniqueIdentifier":"d21d9b7211c74b3ca3464f5602c00a2b","versionId":null,"translated":[],"extensions":[],"id":"d21d9b7211c74b3ca3464f5602c00a2b"},"mailRecipientStruct":null,"salesChannelId":"4b1ab693e5834c32b7c18fc788890588"} [] []
[2019-05-21 11:17:13] shopware.CRITICAL: start [] []
[2019-05-21 11:17:13] shopware.CRITICAL: start [] []
[2019-05-21 11:17:14] shopware.CRITICAL: start [] []
[2019-05-21 11:17:15] shopware.CRITICAL: start [] []
[2019-05-21 13:25:20] shopware.CRITICAL: start [] []
[2019-05-21 13:25:20] shopware.CRITICAL: start [] []
[2019-05-21 13:25:21] shopware.CRITICAL: start [] []
[2019-05-21 13:25:21] shopware.DEBUG:  [] []
[2019-05-21 13:25:58] shopware.CRITICAL: start [] []
[2019-05-21 13:25:58] shopware.CRITICAL: start [] []
[2019-05-21 13:26:00] shopware.CRITICAL: start [] []
[2019-05-21 13:26:01] shopware.CRITICAL: start [] []
[2019-05-21 13:26:01] shopware.DEBUG:  [] []
[2019-05-21 13:27:04] shopware.CRITICAL: start [] []
[2019-05-21 13:27:05] shopware.CRITICAL: start [] []
[2019-05-21 13:27:52] shopware.CRITICAL: start [] []
[2019-05-21 13:27:53] shopware.CRITICAL: start [] []
[2019-05-21 13:27:53] shopware.CRITICAL: start [] []
[2019-05-21 13:28:12] shopware.CRITICAL: start [] []
[2019-05-21 13:28:13] shopware.CRITICAL: start [] []
[2019-05-21 13:28:14] shopware.CRITICAL: start [] []
[2019-05-21 13:28:15] shopware.CRITICAL: start [] []
[2019-05-21 13:28:15] shopware.DEBUG: message {"salesChannelId":"newsletter.confirm"} []
[2019-05-21 13:30:42] shopware.DEBUG: newsletter.confirm {"salesChannelId":"newsletter.confirm"} []
[2019-05-21 13:31:07] shopware.DEBUG: newsletter.confirm {"salesChannelId":"newsletter.confirm"} []
[2019-05-21 13:31:15] shopware.DEBUG: checkout.customer.logout [] []
[2019-05-21 13:40:37] shopware.DEBUG: checkout.customer.login {"source":"core","environment":"dev","additionalData":[]} []
